{"E:\\IT_and_programing\\Frontend\\8.0_Homeworks\\Task_9.2\\dist\\js\\ArrayBufferConverter.js": {"path":"E:\\IT_and_programing\\Frontend\\8.0_Homeworks\\Task_9.2\\dist\\js\\ArrayBufferConverter.js","statementMap":{"0":{"start":{"line":1,"column":0},"end":{"line":1,"column":45}},"1":{"start":{"line":3,"column":0},"end":{"line":3,"column":49}},"2":{"start":{"line":5,"column":0},"end":{"line":5,"column":53}},"3":{"start":{"line":7,"column":0},"end":{"line":7,"column":47}},"4":{"start":{"line":9,"column":0},"end":{"line":9,"column":55}},"5":{"start":{"line":11,"column":0},"end":{"line":11,"column":54}},"6":{"start":{"line":13,"column":0},"end":{"line":13,"column":48}},"7":{"start":{"line":15,"column":0},"end":{"line":15,"column":47}},"8":{"start":{"line":17,"column":0},"end":{"line":17,"column":49}},"9":{"start":{"line":19,"column":0},"end":{"line":19,"column":47}},"10":{"start":{"line":21,"column":0},"end":{"line":21,"column":53}},"11":{"start":{"line":23,"column":0},"end":{"line":23,"column":51}},"12":{"start":{"line":25,"column":0},"end":{"line":25,"column":51}},"13":{"start":{"line":27,"column":0},"end":{"line":27,"column":51}},"14":{"start":{"line":29,"column":0},"end":{"line":29,"column":51}},"15":{"start":{"line":31,"column":0},"end":{"line":31,"column":47}},"16":{"start":{"line":33,"column":0},"end":{"line":33,"column":56}},"17":{"start":{"line":35,"column":0},"end":{"line":35,"column":46}},"18":{"start":{"line":37,"column":0},"end":{"line":37,"column":49}},"19":{"start":{"line":39,"column":0},"end":{"line":39,"column":55}},"20":{"start":{"line":41,"column":0},"end":{"line":41,"column":50}},"21":{"start":{"line":43,"column":0},"end":{"line":43,"column":46}},"22":{"start":{"line":45,"column":0},"end":{"line":45,"column":48}},"23":{"start":{"line":47,"column":0},"end":{"line":47,"column":47}},"24":{"start":{"line":49,"column":0},"end":{"line":49,"column":47}},"25":{"start":{"line":51,"column":0},"end":{"line":51,"column":51}},"26":{"start":{"line":53,"column":0},"end":{"line":53,"column":59}},"27":{"start":{"line":55,"column":0},"end":{"line":55,"column":52}},"28":{"start":{"line":57,"column":0},"end":{"line":59,"column":3}},"29":{"start":{"line":60,"column":0},"end":{"line":60,"column":25}},"30":{"start":{"line":62,"column":50},"end":{"line":62,"column":151}},"31":{"start":{"line":62,"column":92},"end":{"line":62,"column":149}},"32":{"start":{"line":64,"column":44},"end":{"line":64,"column":317}},"33":{"start":{"line":64,"column":57},"end":{"line":64,"column":58}},"34":{"start":{"line":64,"column":104},"end":{"line":64,"column":112}},"35":{"start":{"line":64,"column":114},"end":{"line":64,"column":169}},"36":{"start":{"line":64,"column":170},"end":{"line":64,"column":201}},"37":{"start":{"line":64,"column":202},"end":{"line":64,"column":256}},"38":{"start":{"line":64,"column":229},"end":{"line":64,"column":256}},"39":{"start":{"line":64,"column":257},"end":{"line":64,"column":315}},"40":{"start":{"line":66,"column":62},"end":{"line":66,"column":131}},"41":{"start":{"line":66,"column":78},"end":{"line":66,"column":131}},"42":{"start":{"line":66,"column":132},"end":{"line":66,"column":193}},"43":{"start":{"line":66,"column":149},"end":{"line":66,"column":193}},"44":{"start":{"line":66,"column":194},"end":{"line":66,"column":213}},"45":{"start":{"line":68,"column":45},"end":{"line":93,"column":3}},"46":{"start":{"line":70,"column":4},"end":{"line":70,"column":48}},"47":{"start":{"line":73,"column":2},"end":{"line":90,"column":6}},"48":{"start":{"line":76,"column":6},"end":{"line":76,"column":22}},"49":{"start":{"line":81,"column":25},"end":{"line":81,"column":48}},"50":{"start":{"line":82,"column":16},"end":{"line":82,"column":18}},"51":{"start":{"line":84,"column":6},"end":{"line":86,"column":7}},"52":{"start":{"line":84,"column":19},"end":{"line":84,"column":20}},"53":{"start":{"line":85,"column":8},"end":{"line":85,"column":50}},"54":{"start":{"line":88,"column":6},"end":{"line":88,"column":21}},"55":{"start":{"line":92,"column":2},"end":{"line":92,"column":30}},"56":{"start":{"line":95,"column":17},"end":{"line":95,"column":37}},"57":{"start":{"line":96,"column":0},"end":{"line":96,"column":27}}},"fnMap":{"0":{"name":"_classCallCheck","decl":{"start":{"line":62,"column":9},"end":{"line":62,"column":24}},"loc":{"start":{"line":62,"column":48},"end":{"line":62,"column":153}},"line":62},"1":{"name":"_defineProperties","decl":{"start":{"line":64,"column":9},"end":{"line":64,"column":26}},"loc":{"start":{"line":64,"column":42},"end":{"line":64,"column":319}},"line":64},"2":{"name":"_createClass","decl":{"start":{"line":66,"column":9},"end":{"line":66,"column":21}},"loc":{"start":{"line":66,"column":60},"end":{"line":66,"column":215}},"line":66},"3":{"name":"(anonymous_3)","decl":{"start":{"line":68,"column":45},"end":{"line":68,"column":46}},"loc":{"start":{"line":68,"column":57},"end":{"line":93,"column":1}},"line":68},"4":{"name":"ArrayBufferConverter","decl":{"start":{"line":69,"column":11},"end":{"line":69,"column":31}},"loc":{"start":{"line":69,"column":34},"end":{"line":71,"column":3}},"line":69},"5":{"name":"load","decl":{"start":{"line":75,"column":20},"end":{"line":75,"column":24}},"loc":{"start":{"line":75,"column":27},"end":{"line":77,"column":5}},"line":75},"6":{"name":"toString","decl":{"start":{"line":80,"column":20},"end":{"line":80,"column":28}},"loc":{"start":{"line":80,"column":37},"end":{"line":89,"column":5}},"line":80}},"branchMap":{"0":{"loc":{"start":{"line":62,"column":50},"end":{"line":62,"column":151}},"type":"if","locations":[{"start":{"line":62,"column":50},"end":{"line":62,"column":151}},{"start":{"line":62,"column":50},"end":{"line":62,"column":151}}],"line":62},"1":{"loc":{"start":{"line":64,"column":138},"end":{"line":64,"column":168}},"type":"binary-expr","locations":[{"start":{"line":64,"column":138},"end":{"line":64,"column":159}},{"start":{"line":64,"column":163},"end":{"line":64,"column":168}}],"line":64},"2":{"loc":{"start":{"line":64,"column":202},"end":{"line":64,"column":256}},"type":"if","locations":[{"start":{"line":64,"column":202},"end":{"line":64,"column":256}},{"start":{"line":64,"column":202},"end":{"line":64,"column":256}}],"line":64},"3":{"loc":{"start":{"line":66,"column":62},"end":{"line":66,"column":131}},"type":"if","locations":[{"start":{"line":66,"column":62},"end":{"line":66,"column":131}},{"start":{"line":66,"column":62},"end":{"line":66,"column":131}}],"line":66},"4":{"loc":{"start":{"line":66,"column":132},"end":{"line":66,"column":193}},"type":"if","locations":[{"start":{"line":66,"column":132},"end":{"line":66,"column":193}},{"start":{"line":66,"column":132},"end":{"line":66,"column":193}}],"line":66}},"s":{"0":1,"1":1,"2":1,"3":1,"4":1,"5":1,"6":1,"7":1,"8":1,"9":1,"10":1,"11":1,"12":1,"13":1,"14":1,"15":1,"16":1,"17":1,"18":1,"19":1,"20":1,"21":1,"22":1,"23":1,"24":1,"25":1,"26":1,"27":1,"28":1,"29":1,"30":1,"31":0,"32":1,"33":1,"34":2,"35":2,"36":2,"37":2,"38":2,"39":2,"40":1,"41":1,"42":1,"43":0,"44":1,"45":1,"46":1,"47":1,"48":1,"49":1,"50":1,"51":1,"52":1,"53":53,"54":1,"55":1,"56":1,"57":1},"f":{"0":1,"1":1,"2":1,"3":1,"4":1,"5":1,"6":1},"b":{"0":[0,1],"1":[2,2],"2":[2,0],"3":[1,0],"4":[0,1]},"_coverageSchema":"1a1c01bbd47fc00a2c39e90264f33305004495a9","hash":"fb444d1211e0bb587d363618f0dc3c631a62f684"}
,"E:\\IT_and_programing\\Frontend\\8.0_Homeworks\\Task_9.2\\dist\\js\\getBuffer.js": {"path":"E:\\IT_and_programing\\Frontend\\8.0_Homeworks\\Task_9.2\\dist\\js\\getBuffer.js","statementMap":{"0":{"start":{"line":1,"column":0},"end":{"line":1,"column":45}},"1":{"start":{"line":3,"column":0},"end":{"line":3,"column":55}},"2":{"start":{"line":5,"column":0},"end":{"line":5,"column":49}},"3":{"start":{"line":7,"column":0},"end":{"line":7,"column":47}},"4":{"start":{"line":9,"column":0},"end":{"line":9,"column":55}},"5":{"start":{"line":11,"column":0},"end":{"line":11,"column":54}},"6":{"start":{"line":13,"column":0},"end":{"line":13,"column":48}},"7":{"start":{"line":15,"column":0},"end":{"line":15,"column":47}},"8":{"start":{"line":17,"column":0},"end":{"line":17,"column":49}},"9":{"start":{"line":19,"column":0},"end":{"line":19,"column":47}},"10":{"start":{"line":21,"column":0},"end":{"line":21,"column":53}},"11":{"start":{"line":23,"column":0},"end":{"line":23,"column":51}},"12":{"start":{"line":25,"column":0},"end":{"line":25,"column":51}},"13":{"start":{"line":27,"column":0},"end":{"line":27,"column":51}},"14":{"start":{"line":29,"column":0},"end":{"line":29,"column":51}},"15":{"start":{"line":31,"column":0},"end":{"line":31,"column":47}},"16":{"start":{"line":33,"column":0},"end":{"line":33,"column":56}},"17":{"start":{"line":35,"column":0},"end":{"line":35,"column":46}},"18":{"start":{"line":37,"column":0},"end":{"line":37,"column":49}},"19":{"start":{"line":39,"column":0},"end":{"line":39,"column":55}},"20":{"start":{"line":41,"column":0},"end":{"line":41,"column":50}},"21":{"start":{"line":43,"column":0},"end":{"line":43,"column":46}},"22":{"start":{"line":45,"column":0},"end":{"line":45,"column":48}},"23":{"start":{"line":47,"column":0},"end":{"line":47,"column":47}},"24":{"start":{"line":49,"column":0},"end":{"line":49,"column":47}},"25":{"start":{"line":51,"column":0},"end":{"line":51,"column":51}},"26":{"start":{"line":53,"column":0},"end":{"line":53,"column":59}},"27":{"start":{"line":55,"column":0},"end":{"line":55,"column":52}},"28":{"start":{"line":57,"column":0},"end":{"line":59,"column":3}},"29":{"start":{"line":60,"column":0},"end":{"line":60,"column":28}},"30":{"start":{"line":63,"column":15},"end":{"line":63,"column":70}},"31":{"start":{"line":64,"column":2},"end":{"line":73,"column":11}},"32":{"start":{"line":65,"column":19},"end":{"line":65,"column":51}},"33":{"start":{"line":66,"column":23},"end":{"line":66,"column":46}},"34":{"start":{"line":68,"column":4},"end":{"line":70,"column":5}},"35":{"start":{"line":68,"column":17},"end":{"line":68,"column":18}},"36":{"start":{"line":69,"column":6},"end":{"line":69,"column":42}},"37":{"start":{"line":72,"column":4},"end":{"line":72,"column":18}}},"fnMap":{"0":{"name":"getBuffer","decl":{"start":{"line":62,"column":9},"end":{"line":62,"column":18}},"loc":{"start":{"line":62,"column":21},"end":{"line":74,"column":1}},"line":62},"1":{"name":"(anonymous_1)","decl":{"start":{"line":64,"column":10},"end":{"line":64,"column":11}},"loc":{"start":{"line":64,"column":27},"end":{"line":73,"column":3}},"line":64}},"branchMap":{},"s":{"0":1,"1":1,"2":1,"3":1,"4":1,"5":1,"6":1,"7":1,"8":1,"9":1,"10":1,"11":1,"12":1,"13":1,"14":1,"15":1,"16":1,"17":1,"18":1,"19":1,"20":1,"21":1,"22":1,"23":1,"24":1,"25":1,"26":1,"27":1,"28":1,"29":1,"30":1,"31":1,"32":1,"33":1,"34":1,"35":1,"36":53,"37":1},"f":{"0":1,"1":1},"b":{},"_coverageSchema":"1a1c01bbd47fc00a2c39e90264f33305004495a9","hash":"ee8e8eadf5828210d89c44c8b9a052486cab82da"}
,"E:\\IT_and_programing\\Frontend\\8.0_Homeworks\\Task_9.2\\src\\js\\ArrayBufferConverter.js": {"path":"E:\\IT_and_programing\\Frontend\\8.0_Homeworks\\Task_9.2\\src\\js\\ArrayBufferConverter.js","statementMap":{"0":{"start":{"line":4,"column":4},"end":{"line":4,"column":20}},"1":{"start":{"line":8,"column":23},"end":{"line":8,"column":46}},"2":{"start":{"line":9,"column":14},"end":{"line":9,"column":16}},"3":{"start":{"line":10,"column":4},"end":{"line":12,"column":5}},"4":{"start":{"line":10,"column":17},"end":{"line":10,"column":18}},"5":{"start":{"line":11,"column":6},"end":{"line":11,"column":48}},"6":{"start":{"line":13,"column":4},"end":{"line":13,"column":19}}},"fnMap":{"0":{"name":"(anonymous_0)","decl":{"start":{"line":3,"column":2},"end":{"line":3,"column":3}},"loc":{"start":{"line":3,"column":9},"end":{"line":5,"column":3}},"line":3},"1":{"name":"(anonymous_1)","decl":{"start":{"line":7,"column":2},"end":{"line":7,"column":3}},"loc":{"start":{"line":7,"column":19},"end":{"line":14,"column":3}},"line":7}},"branchMap":{},"s":{"0":1,"1":1,"2":1,"3":1,"4":1,"5":53,"6":1},"f":{"0":1,"1":1},"b":{},"_coverageSchema":"1a1c01bbd47fc00a2c39e90264f33305004495a9","hash":"f9b66eb5e9216121477c287b74afa77a4e33fc67"}
,"E:\\IT_and_programing\\Frontend\\8.0_Homeworks\\Task_9.2\\src\\js\\getBuffer.js": {"path":"E:\\IT_and_programing\\Frontend\\8.0_Homeworks\\Task_9.2\\src\\js\\getBuffer.js","statementMap":{"0":{"start":{"line":2,"column":15},"end":{"line":2,"column":70}},"1":{"start":{"line":3,"column":2},"end":{"line":10,"column":11}},"2":{"start":{"line":4,"column":19},"end":{"line":4,"column":51}},"3":{"start":{"line":5,"column":23},"end":{"line":5,"column":46}},"4":{"start":{"line":6,"column":4},"end":{"line":8,"column":5}},"5":{"start":{"line":6,"column":17},"end":{"line":6,"column":18}},"6":{"start":{"line":7,"column":6},"end":{"line":7,"column":42}},"7":{"start":{"line":9,"column":4},"end":{"line":9,"column":18}}},"fnMap":{"0":{"name":"getBuffer","decl":{"start":{"line":1,"column":24},"end":{"line":1,"column":33}},"loc":{"start":{"line":1,"column":36},"end":{"line":11,"column":1}},"line":1},"1":{"name":"(anonymous_1)","decl":{"start":{"line":3,"column":10},"end":{"line":3,"column":11}},"loc":{"start":{"line":3,"column":21},"end":{"line":10,"column":3}},"line":3}},"branchMap":{},"s":{"0":1,"1":1,"2":1,"3":1,"4":1,"5":1,"6":53,"7":1},"f":{"0":1,"1":1},"b":{},"_coverageSchema":"1a1c01bbd47fc00a2c39e90264f33305004495a9","hash":"d33926a808456fe30c27522886c8ac0aa2f71c76"}
}
