TN:
SF:dist\js\ArrayBufferConverter.js
FN:62,_classCallCheck
FN:64,_defineProperties
FN:66,_createClass
FN:68,(anonymous_3)
FN:69,ArrayBufferConverter
FN:75,load
FN:80,toString
FNF:7
FNH:7
FNDA:1,_classCallCheck
FNDA:1,_defineProperties
FNDA:1,_createClass
FNDA:1,(anonymous_3)
FNDA:1,ArrayBufferConverter
FNDA:1,load
FNDA:1,toString
DA:1,1
DA:3,1
DA:5,1
DA:7,1
DA:9,1
DA:11,1
DA:13,1
DA:15,1
DA:17,1
DA:19,1
DA:21,1
DA:23,1
DA:25,1
DA:27,1
DA:29,1
DA:31,1
DA:33,1
DA:35,1
DA:37,1
DA:39,1
DA:41,1
DA:43,1
DA:45,1
DA:47,1
DA:49,1
DA:51,1
DA:53,1
DA:55,1
DA:57,1
DA:60,1
DA:62,1
DA:64,2
DA:66,1
DA:68,1
DA:70,1
DA:73,1
DA:76,1
DA:81,1
DA:82,1
DA:84,1
DA:85,53
DA:88,1
DA:92,1
DA:95,1
DA:96,1
LF:45
LH:45
BRDA:62,0,0,0
BRDA:62,0,1,1
BRDA:64,1,0,2
BRDA:64,1,1,2
BRDA:64,2,0,2
BRDA:64,2,1,0
BRDA:66,3,0,1
BRDA:66,3,1,0
BRDA:66,4,0,0
BRDA:66,4,1,1
BRF:10
BRH:6
end_of_record
TN:
SF:dist\js\getBuffer.js
FN:62,getBuffer
FN:64,(anonymous_1)
FNF:2
FNH:2
FNDA:1,getBuffer
FNDA:1,(anonymous_1)
DA:1,1
DA:3,1
DA:5,1
DA:7,1
DA:9,1
DA:11,1
DA:13,1
DA:15,1
DA:17,1
DA:19,1
DA:21,1
DA:23,1
DA:25,1
DA:27,1
DA:29,1
DA:31,1
DA:33,1
DA:35,1
DA:37,1
DA:39,1
DA:41,1
DA:43,1
DA:45,1
DA:47,1
DA:49,1
DA:51,1
DA:53,1
DA:55,1
DA:57,1
DA:60,1
DA:63,1
DA:64,1
DA:65,1
DA:66,1
DA:68,1
DA:69,53
DA:72,1
LF:37
LH:37
BRF:0
BRH:0
end_of_record
TN:
SF:src\js\ArrayBufferConverter.js
FN:3,(anonymous_0)
FN:7,(anonymous_1)
FNF:2
FNH:2
FNDA:1,(anonymous_0)
FNDA:1,(anonymous_1)
DA:4,1
DA:8,1
DA:9,1
DA:10,1
DA:11,53
DA:13,1
LF:6
LH:6
BRF:0
BRH:0
end_of_record
TN:
SF:src\js\getBuffer.js
FN:1,getBuffer
FN:3,(anonymous_1)
FNF:2
FNH:2
FNDA:1,getBuffer
FNDA:1,(anonymous_1)
DA:2,1
DA:3,1
DA:4,1
DA:5,1
DA:6,1
DA:7,53
DA:9,1
LF:7
LH:7
BRF:0
BRH:0
end_of_record
